[0m12:54:28.223966 [debug] [MainThread]: Sending event: {'category': 'dbt', 'action': 'invocation', 'label': 'start', 'context': [<snowplow_tracker.self_describing_json.SelfDescribingJson object at 0x10a9cef90>, <snowplow_tracker.self_describing_json.SelfDescribingJson object at 0x10bfc3750>, <snowplow_tracker.self_describing_json.SelfDescribingJson object at 0x10bfc39d0>]}


============================== 12:54:28.227199 | 214a92df-6b61-4951-ba29-30cfd7daeea2 ==============================
[0m12:54:28.227199 [info ] [MainThread]: Running with dbt=1.11.2
[0m12:54:28.227606 [debug] [MainThread]: running dbt with arguments {'warn_error': 'None', 'version_check': 'True', 'use_experimental_parser': 'False', 'partial_parse': 'True', 'target_path': 'None', 'debug': 'False', 'indirect_selection': 'eager', 'use_colors': 'True', 'send_anonymous_usage_stats': 'True', 'profiles_dir': '/Users/luisa/.dbt', 'static_parser': 'True', 'cache_selected_only': 'False', 'write_json': 'True', 'fail_fast': 'False', 'quiet': 'False', 'warn_error_options': 'WarnErrorOptionsV2(error=[], warn=[], silence=[])', 'introspect': 'True', 'no_print': 'None', 'log_cache_events': 'False', 'log_path': 'logs', 'printer_width': '80', 'empty': 'None', 'log_format': 'default', 'invocation_command': 'dbt init --skip-profile-setup airbnb'}
[0m12:54:28.275566 [info ] [MainThread]: Creating dbt configuration folder at /Users/luisa/.dbt
[0m12:54:28.277069 [debug] [MainThread]: Starter project path: /Users/luisa/udemy_courses/course/.venv/lib/python3.13/site-packages/dbt/include/starter_project
[0m12:54:28.281571 [info ] [MainThread]: 
Your new dbt project "airbnb" was created!

For more information on how to configure the profiles.yml file,
please consult the dbt documentation here:

  https://docs.getdbt.com/docs/configure-your-profile

One more thing:

Need help? Don't hesitate to reach out to us via GitHub issues or on Slack:

  https://community.getdbt.com/

Happy modeling!

[0m12:54:28.310823 [debug] [MainThread]: Resource report: {"command_name": "init", "command_success": true, "command_wall_clock_time": 0.14218679, "process_in_blocks": "0", "process_kernel_time": 0.152127, "process_mem_max_rss": "115294208", "process_out_blocks": "0", "process_user_time": 0.920084}
[0m12:54:28.311286 [debug] [MainThread]: Command `dbt init` succeeded at 12:54:28.311212 after 0.14 seconds
[0m12:54:28.311518 [debug] [MainThread]: Sending event: {'category': 'dbt', 'action': 'invocation', 'label': 'end', 'context': [<snowplow_tracker.self_describing_json.SelfDescribingJson object at 0x10c110180>, <snowplow_tracker.self_describing_json.SelfDescribingJson object at 0x10c10bad0>, <snowplow_tracker.self_describing_json.SelfDescribingJson object at 0x10be4fac0>]}
[0m12:54:28.311753 [debug] [MainThread]: Flushing usage events
[0m12:54:28.600227 [debug] [MainThread]: An error was encountered while trying to flush usage events
[0m12:55:33.823885 [debug] [MainThread]: Sending event: {'category': 'dbt', 'action': 'invocation', 'label': 'start', 'context': [<snowplow_tracker.self_describing_json.SelfDescribingJson object at 0x1088f2f90>, <snowplow_tracker.self_describing_json.SelfDescribingJson object at 0x109ee7750>, <snowplow_tracker.self_describing_json.SelfDescribingJson object at 0x109ee79d0>]}


============================== 12:55:33.827162 | 107071a0-3839-4f3f-a55c-38cfb3100773 ==============================
[0m12:55:33.827162 [info ] [MainThread]: Running with dbt=1.11.2
[0m12:55:33.827552 [debug] [MainThread]: running dbt with arguments {'printer_width': '80', 'static_parser': 'True', 'write_json': 'True', 'introspect': 'True', 'no_print': 'None', 'profiles_dir': '/Users/luisa/.dbt', 'target_path': 'None', 'cache_selected_only': 'False', 'log_format': 'default', 'quiet': 'False', 'fail_fast': 'False', 'warn_error': 'None', 'use_experimental_parser': 'False', 'partial_parse': 'True', 'indirect_selection': 'eager', 'warn_error_options': 'WarnErrorOptionsV2(error=[], warn=[], silence=[])', 'log_path': 'logs', 'invocation_command': 'dbt debug', 'send_anonymous_usage_stats': 'True', 'empty': 'None', 'debug': 'False', 'version_check': 'True', 'log_cache_events': 'False', 'use_colors': 'True'}
[0m12:55:33.839504 [info ] [MainThread]: dbt version: 1.11.2
[0m12:55:33.839795 [info ] [MainThread]: python version: 3.13.7
[0m12:55:33.839971 [info ] [MainThread]: python path: /Users/luisa/udemy_courses/course/.venv/bin/python
[0m12:55:33.840124 [info ] [MainThread]: os info: macOS-26.2-arm64-arm-64bit-Mach-O
[0m12:55:33.840291 [info ] [MainThread]: Using profiles dir at /Users/luisa/.dbt
[0m12:55:33.840429 [info ] [MainThread]: Using profiles.yml file at /Users/luisa/.dbt/profiles.yml
[0m12:55:33.840570 [info ] [MainThread]: Using dbt_project.yml file at /Users/luisa/udemy_courses/course/dbt_project.yml
[0m12:55:33.840728 [info ] [MainThread]: Configuration:
[0m12:55:33.840867 [info ] [MainThread]:   profiles.yml file [[31mERROR not found[0m]
[0m12:55:33.841007 [info ] [MainThread]:   dbt_project.yml file [[31mERROR not found[0m]
[0m12:55:33.841140 [info ] [MainThread]: Required dependencies:
[0m12:55:33.841331 [debug] [MainThread]: Executing "git --help"
[0m12:55:33.861359 [debug] [MainThread]: STDOUT: "b"usage: git [--version] [--help] [-C <path>] [-c <name>=<value>]\n           [--exec-path[=<path>]] [--html-path] [--man-path] [--info-path]\n           [-p | --paginate | -P | --no-pager] [--no-replace-objects] [--bare]\n           [--git-dir=<path>] [--work-tree=<path>] [--namespace=<name>]\n           [--super-prefix=<path>] [--config-env=<name>=<envvar>]\n           <command> [<args>]\n\nThese are common Git commands used in various situations:\n\nstart a working area (see also: git help tutorial)\n   clone             Clone a repository into a new directory\n   init              Create an empty Git repository or reinitialize an existing one\n\nwork on the current change (see also: git help everyday)\n   add               Add file contents to the index\n   mv                Move or rename a file, a directory, or a symlink\n   restore           Restore working tree files\n   rm                Remove files from the working tree and from the index\n   sparse-checkout   Initialize and modify the sparse-checkout\n\nexamine the history and state (see also: git help revisions)\n   bisect            Use binary search to find the commit that introduced a bug\n   diff              Show changes between commits, commit and working tree, etc\n   grep              Print lines matching a pattern\n   log               Show commit logs\n   show              Show various types of objects\n   status            Show the working tree status\n\ngrow, mark and tweak your common history\n   branch            List, create, or delete branches\n   commit            Record changes to the repository\n   merge             Join two or more development histories together\n   rebase            Reapply commits on top of another base tip\n   reset             Reset current HEAD to the specified state\n   switch            Switch branches\n   tag               Create, list, delete or verify a tag object signed with GPG\n\ncollaborate (see also: git help workflows)\n   fetch             Download objects and refs from another repository\n   pull              Fetch from and integrate with another repository or a local branch\n   push              Update remote refs along with associated objects\n\n'git help -a' and 'git help -g' list available subcommands and some\nconcept guides. See 'git help <command>' or 'git help <concept>'\nto read about a specific subcommand or concept.\nSee 'git help git' for an overview of the system.\n""
[0m12:55:33.862017 [debug] [MainThread]: STDERR: "b''"
[0m12:55:33.862233 [info ] [MainThread]:  - git [[32mOK found[0m]

[0m12:55:33.862428 [info ] [MainThread]: Connection test skipped since no profile was found
[0m12:55:33.862808 [info ] [MainThread]: [31m2 checks failed:[0m
[0m12:55:33.863000 [info ] [MainThread]: dbt looked for a profiles.yml file in /Users/luisa/.dbt/profiles.yml, but did
not find one. For more information on configuring your profile, consult the
documentation:

https://docs.getdbt.com/docs/configure-your-profile


[0m12:55:33.863195 [info ] [MainThread]: Project loading failed for the following reason:
 project path </Users/luisa/udemy_courses/course/dbt_project.yml> not found

[0m12:55:33.865057 [debug] [MainThread]: Resource report: {"command_name": "debug", "command_success": false, "command_wall_clock_time": 0.095257916, "process_in_blocks": "0", "process_kernel_time": 0.145333, "process_mem_max_rss": "113508352", "process_out_blocks": "0", "process_user_time": 0.901978}
[0m12:55:33.865427 [debug] [MainThread]: Command `dbt debug` failed at 12:55:33.865357 after 0.10 seconds
[0m12:55:33.865767 [debug] [MainThread]: Sending event: {'category': 'dbt', 'action': 'invocation', 'label': 'end', 'context': [<snowplow_tracker.self_describing_json.SelfDescribingJson object at 0x109ef6fd0>, <snowplow_tracker.self_describing_json.SelfDescribingJson object at 0x109db3410>, <snowplow_tracker.self_describing_json.SelfDescribingJson object at 0x109fc87c0>]}
[0m12:55:33.866040 [debug] [MainThread]: Flushing usage events
[0m12:55:34.111668 [debug] [MainThread]: An error was encountered while trying to flush usage events
