[32m2026-02-03 10:41:09 -0400[0m - dagster - [34mDEBUG[0m - __ASSET_JOB - 08e78315-afef-4552-9d19-e3f3b0aa3a83 - 74649 - LOGS_CAPTURED - Started capturing logs in process (pid: 74649).
[32m2026-02-03 10:41:09 -0400[0m - dagster - [34mDEBUG[0m - __ASSET_JOB - 08e78315-afef-4552-9d19-e3f3b0aa3a83 - 74649 - airbnb_dbt_assets - STEP_START - Started execution of step "airbnb_dbt_assets".
[32m2026-02-03 10:41:09 -0400[0m - dagster - [34mINFO[0m - __ASSET_JOB - 08e78315-afef-4552-9d19-e3f3b0aa3a83 - airbnb_dbt_assets - A dbt subsetted execution is not being performed. Using the default dbt selection arguments `['--select', 'fqn:*']`.
[32m2026-02-03 10:41:11 -0400[0m - dagster - [34mINFO[0m - __ASSET_JOB - 08e78315-afef-4552-9d19-e3f3b0aa3a83 - airbnb_dbt_assets - Copying `/Users/luisa/udemy_courses/course/airbnb/target/partial_parse.msgpack` to `/Users/luisa/udemy_courses/course/airbnb/target/airbnb_dbt_assets-08e7831-450727b/partial_parse.msgpack` to take advantage of partial parsing.
[32m2026-02-03 10:41:11 -0400[0m - dagster - [34mINFO[0m - __ASSET_JOB - 08e78315-afef-4552-9d19-e3f3b0aa3a83 - airbnb_dbt_assets - Running dbt command: `dbt build --select fqn:*`.
[32m2026-02-03 10:41:17 -0400[0m - dagster - [34mDEBUG[0m - __ASSET_JOB - 08e78315-afef-4552-9d19-e3f3b0aa3a83 - 74649 - airbnb_dbt_assets - STEP_OUTPUT - Yielded output "seed_full_moon_dates" of type "Nothing". (Type check passed).
[32m2026-02-03 10:41:17 -0400[0m - dagster - [34mDEBUG[0m - __ASSET_JOB - 08e78315-afef-4552-9d19-e3f3b0aa3a83 - 74649 - airbnb_dbt_assets - ASSET_MATERIALIZATION - Materialized value seed_full_moon_dates.
[32m2026-02-03 10:41:20 -0400[0m - dagster - [34mDEBUG[0m - __ASSET_JOB - 08e78315-afef-4552-9d19-e3f3b0aa3a83 - 74649 - airbnb_dbt_assets - STEP_OUTPUT - Yielded output "scd_raw_hosts" of type "Nothing". (Type check passed).
[32m2026-02-03 10:41:20 -0400[0m - dagster - [34mDEBUG[0m - __ASSET_JOB - 08e78315-afef-4552-9d19-e3f3b0aa3a83 - 74649 - airbnb_dbt_assets - ASSET_MATERIALIZATION - Materialized value scd_raw_hosts.
[32m2026-02-03 10:41:23 -0400[0m - dagster - [34mDEBUG[0m - __ASSET_JOB - 08e78315-afef-4552-9d19-e3f3b0aa3a83 - 74649 - airbnb_dbt_assets - STEP_OUTPUT - Yielded output "scd_raw_listings" of type "Nothing". (Type check passed).
[32m2026-02-03 10:41:23 -0400[0m - dagster - [34mDEBUG[0m - __ASSET_JOB - 08e78315-afef-4552-9d19-e3f3b0aa3a83 - 74649 - airbnb_dbt_assets - ASSET_MATERIALIZATION - Materialized value scd_raw_listings.
[32m2026-02-03 10:41:24 -0400[0m - dagster - [34mDEBUG[0m - __ASSET_JOB - 08e78315-afef-4552-9d19-e3f3b0aa3a83 - 74649 - airbnb_dbt_assets - STEP_OUTPUT - Yielded output "dim_hosts_cleansed" of type "Nothing". (Type check passed).
[32m2026-02-03 10:41:24 -0400[0m - dagster - [34mDEBUG[0m - __ASSET_JOB - 08e78315-afef-4552-9d19-e3f3b0aa3a83 - 74649 - airbnb_dbt_assets - ASSET_MATERIALIZATION - Materialized value dim_hosts_cleansed.
[32m2026-02-03 10:41:25 -0400[0m - dagster - [34mDEBUG[0m - __ASSET_JOB - 08e78315-afef-4552-9d19-e3f3b0aa3a83 - 74649 - airbnb_dbt_assets - STEP_OUTPUT - Yielded output "dim_listings_cleansed" of type "Nothing". (Type check passed).
[32m2026-02-03 10:41:25 -0400[0m - dagster - [34mDEBUG[0m - __ASSET_JOB - 08e78315-afef-4552-9d19-e3f3b0aa3a83 - 74649 - airbnb_dbt_assets - ASSET_MATERIALIZATION - Materialized value dim_listings_cleansed.
[32m2026-02-03 10:41:27 -0400[0m - dagster - [34mDEBUG[0m - __ASSET_JOB - 08e78315-afef-4552-9d19-e3f3b0aa3a83 - 74649 - airbnb_dbt_assets - STEP_OUTPUT - Yielded output "fct_reviews" of type "Nothing". (Type check passed).
[32m2026-02-03 10:41:28 -0400[0m - dagster - [34mDEBUG[0m - __ASSET_JOB - 08e78315-afef-4552-9d19-e3f3b0aa3a83 - 74649 - airbnb_dbt_assets - ASSET_MATERIALIZATION - Materialized value fct_reviews.
[32m2026-02-03 10:41:28 -0400[0m - dagster - [34mDEBUG[0m - __ASSET_JOB - 08e78315-afef-4552-9d19-e3f3b0aa3a83 - 74649 - airbnb_dbt_assets - STEP_OUTPUT - Yielded output "dim_listings_cleansed_accepted_values_dim_listings_cleansed_room_type__Entire_home_apt__Private_room__Shared_room__Hotel_room" of type "Any". (Type check passed).
[32m2026-02-03 10:41:28 -0400[0m - dagster - [34mDEBUG[0m - __ASSET_JOB - 08e78315-afef-4552-9d19-e3f3b0aa3a83 - 74649 - airbnb_dbt_assets - ASSET_CHECK_EVALUATION - Asset check 'accepted_values_dim_listings_cleansed_room_type__Entire_home_apt__Private_room__Shared_room__Hotel_room' on 'dim_listings_cleansed' passed.
[32m2026-02-03 10:41:29 -0400[0m - dagster - [34mDEBUG[0m - __ASSET_JOB - 08e78315-afef-4552-9d19-e3f3b0aa3a83 - 74649 - airbnb_dbt_assets - STEP_OUTPUT - Yielded output "dim_listings_cleansed_dim_listings_minimum_nights" of type "Any". (Type check passed).
[32m2026-02-03 10:41:29 -0400[0m - dagster - [34mDEBUG[0m - __ASSET_JOB - 08e78315-afef-4552-9d19-e3f3b0aa3a83 - 74649 - airbnb_dbt_assets - ASSET_CHECK_EVALUATION - Asset check 'dim_listings_minimum_nights' on 'dim_listings_cleansed' passed.
[32m2026-02-03 10:41:30 -0400[0m - dagster - [34mDEBUG[0m - __ASSET_JOB - 08e78315-afef-4552-9d19-e3f3b0aa3a83 - 74649 - airbnb_dbt_assets - STEP_OUTPUT - Yielded output "dim_listings_cleansed_minimum_row_count_dim_listings_cleansed_1000" of type "Any". (Type check passed).
[32m2026-02-03 10:41:30 -0400[0m - dagster - [34mDEBUG[0m - __ASSET_JOB - 08e78315-afef-4552-9d19-e3f3b0aa3a83 - 74649 - airbnb_dbt_assets - ASSET_CHECK_EVALUATION - Asset check 'minimum_row_count_dim_listings_cleansed_1000' on 'dim_listings_cleansed' passed.
[32m2026-02-03 10:41:31 -0400[0m - dagster - [34mDEBUG[0m - __ASSET_JOB - 08e78315-afef-4552-9d19-e3f3b0aa3a83 - 74649 - airbnb_dbt_assets - STEP_OUTPUT - Yielded output "dim_listings_cleansed_not_null_dim_listings_cleansed_host_id" of type "Any". (Type check passed).
[32m2026-02-03 10:41:31 -0400[0m - dagster - [34mDEBUG[0m - __ASSET_JOB - 08e78315-afef-4552-9d19-e3f3b0aa3a83 - 74649 - airbnb_dbt_assets - ASSET_CHECK_EVALUATION - Asset check 'not_null_dim_listings_cleansed_host_id' on 'dim_listings_cleansed' passed.
[32m2026-02-03 10:41:31 -0400[0m - dagster - [34mDEBUG[0m - __ASSET_JOB - 08e78315-afef-4552-9d19-e3f3b0aa3a83 - 74649 - airbnb_dbt_assets - STEP_OUTPUT - Yielded output "dim_listings_cleansed_not_null_dim_listings_cleansed_listing_id" of type "Any". (Type check passed).
[32m2026-02-03 10:41:31 -0400[0m - dagster - [34mDEBUG[0m - __ASSET_JOB - 08e78315-afef-4552-9d19-e3f3b0aa3a83 - 74649 - airbnb_dbt_assets - ASSET_CHECK_EVALUATION - Asset check 'not_null_dim_listings_cleansed_listing_id' on 'dim_listings_cleansed' passed.
[32m2026-02-03 10:41:32 -0400[0m - dagster - [34mDEBUG[0m - __ASSET_JOB - 08e78315-afef-4552-9d19-e3f3b0aa3a83 - 74649 - airbnb_dbt_assets - STEP_OUTPUT - Yielded output "dim_listings_cleansed_positive_values_dim_listings_cleansed_minimum_nights" of type "Any". (Type check passed).
[32m2026-02-03 10:41:32 -0400[0m - dagster - [34mDEBUG[0m - __ASSET_JOB - 08e78315-afef-4552-9d19-e3f3b0aa3a83 - 74649 - airbnb_dbt_assets - ASSET_CHECK_EVALUATION - Asset check 'positive_values_dim_listings_cleansed_minimum_nights' on 'dim_listings_cleansed' passed.
[32m2026-02-03 10:41:33 -0400[0m - dagster - [34mDEBUG[0m - __ASSET_JOB - 08e78315-afef-4552-9d19-e3f3b0aa3a83 - 74649 - airbnb_dbt_assets - STEP_OUTPUT - Yielded output "dim_listings_cleansed_relationships_dim_listings_cleansed_host_id__host_id__ref_dim_hosts_cleansed_" of type "Any". (Type check passed).
[32m2026-02-03 10:41:33 -0400[0m - dagster - [34mDEBUG[0m - __ASSET_JOB - 08e78315-afef-4552-9d19-e3f3b0aa3a83 - 74649 - airbnb_dbt_assets - ASSET_CHECK_EVALUATION - Asset check 'relationships_dim_listings_cleansed_host_id__host_id__ref_dim_hosts_cleansed_' on 'dim_listings_cleansed' passed.
[32m2026-02-03 10:41:34 -0400[0m - dagster - [34mDEBUG[0m - __ASSET_JOB - 08e78315-afef-4552-9d19-e3f3b0aa3a83 - 74649 - airbnb_dbt_assets - STEP_OUTPUT - Yielded output "dim_listings_cleansed_unique_dim_listings_cleansed_listing_id" of type "Any". (Type check passed).
[32m2026-02-03 10:41:34 -0400[0m - dagster - [34mDEBUG[0m - __ASSET_JOB - 08e78315-afef-4552-9d19-e3f3b0aa3a83 - 74649 - airbnb_dbt_assets - ASSET_CHECK_EVALUATION - Asset check 'unique_dim_listings_cleansed_listing_id' on 'dim_listings_cleansed' passed.
[32m2026-02-03 10:41:37 -0400[0m - dagster - [34mDEBUG[0m - __ASSET_JOB - 08e78315-afef-4552-9d19-e3f3b0aa3a83 - 74649 - airbnb_dbt_assets - STEP_OUTPUT - Yielded output "mart_fullmoon_reviews" of type "Nothing". (Type check passed).
[32m2026-02-03 10:41:37 -0400[0m - dagster - [34mDEBUG[0m - __ASSET_JOB - 08e78315-afef-4552-9d19-e3f3b0aa3a83 - 74649 - airbnb_dbt_assets - ASSET_MATERIALIZATION - Materialized value mart_fullmoon_reviews.
[32m2026-02-03 10:41:38 -0400[0m - dagster - [34mWARNING[0m - __ASSET_JOB - 08e78315-afef-4552-9d19-e3f3b0aa3a83 - airbnb_dbt_assets - Logging an `AssetObservation` instead of an `AssetCheckResult` for dbt test `consistent_created_at`.

`consistent_created_at` is a singular test with multiple dependencies. Configure an asset key in the test's dbt meta to load it as an asset check.

This test was not included in Dagster's asset check selection, and was likely executed due to dbt indirect selection.
[32m2026-02-03 10:41:38 -0400[0m - dagster - [34mDEBUG[0m - __ASSET_JOB - 08e78315-afef-4552-9d19-e3f3b0aa3a83 - 74649 - airbnb_dbt_assets - ASSET_OBSERVATION - DagsterEventType.ASSET_OBSERVATION for step airbnb_dbt_assets
[32m2026-02-03 10:41:38 -0400[0m - dagster - [34mDEBUG[0m - __ASSET_JOB - 08e78315-afef-4552-9d19-e3f3b0aa3a83 - 74649 - airbnb_dbt_assets - ASSET_OBSERVATION - DagsterEventType.ASSET_OBSERVATION for step airbnb_dbt_assets
[32m2026-02-03 10:41:40 -0400[0m - dagster - [34mDEBUG[0m - __ASSET_JOB - 08e78315-afef-4552-9d19-e3f3b0aa3a83 - 74649 - airbnb_dbt_assets - STEP_OUTPUT - Yielded output "dim_listings_w_hosts" of type "Nothing". (Type check passed).
[32m2026-02-03 10:41:40 -0400[0m - dagster - [34mDEBUG[0m - __ASSET_JOB - 08e78315-afef-4552-9d19-e3f3b0aa3a83 - 74649 - airbnb_dbt_assets - ASSET_MATERIALIZATION - Materialized value dim_listings_w_hosts.
[32m2026-02-03 10:41:40 -0400[0m - dagster - [34mINFO[0m - __ASSET_JOB - 08e78315-afef-4552-9d19-e3f3b0aa3a83 - airbnb_dbt_assets - Finished dbt command: `dbt build --select fqn:*`.
[32m2026-02-03 10:41:40 -0400[0m - dagster - [34mDEBUG[0m - __ASSET_JOB - 08e78315-afef-4552-9d19-e3f3b0aa3a83 - 74649 - airbnb_dbt_assets - STEP_SUCCESS - Finished execution of step "airbnb_dbt_assets" in 31.3s.
